/RecoTracker/TrackProducer/plugins/TrackProducer.cc	1	TrackProducer  27	1	  
/RecoTauTag/RecoTau/plugins/PFTauSelectorDefinition.h	1	select  101	1	  
/RecoTracker/TkSeedingLayers/src/SeedingLayerSetsBuilder.cc	1	layerConfig  270	1	
/RecoEgamma/EgammaTools/interface/EGExtraInfoModifierFromValueMaps.h	10	EGExtraInfoModifierFromValueMaps  121	1	
/RecoTracker/TkTrackingRegions/plugins/CandidatePointSeededTrackingRegionsProducer.h	1	CandidatePointSeededTrackingRegionsProducer 143  1
/RecoTauTag/RecoTau/plugins/TauDiscriminantCutMultiplexer.cc	1	TauDiscriminantCutMultiplexerT  192	1	
/RecoTracker/TrackProducer/interface/TrackProducerBase.icc	18	initTrackProducerBase  80	1	
/RecoParticleFlow/PFProducer/plugins/PFPhotonTranslator.cc	1	PFPhotonTranslator  181	1	
/RecoMuon/GlobalTrackingTools/src/GlobalMuonRefitter.cc	1	GlobalMuonRefitter  130	1	
/RecoEgamma/EgammaTools/interface/EGExtraInfoModifierFromValueMaps.h	10	EGExtraInfoModifierFromValueMaps  124	1	
/RecoEgamma/EgammaTools/interface/EGExtraInfoModifierFromValueMaps.h	10	EGExtraInfoModifierFromValueMaps  145	1	
/RecoMET/METAlgorithms/src/HcalNoiseAlgo.cc	1	HcalNoiseAlgo  134	1	
/RecoTracker/TkTrackingRegions/interface/GlobalTrackingRegionProducerFromBeamSpot.h	10	GlobalTrackingRegionProducerFromBeamSpot  26	1
/RecoMuon/MuonIdentification/plugins/cuts/MuonTrackCut.cc	1	MuonTrackCut  39	1	
/RecoEgamma/EgammaPhotonAlgos/src/PhotonEnergyCorrector.cc	1	PhotonEnergyCorrector  45	1	
/RecoTracker/TrackProducer/interface/TrackProducerAlgorithm.h	6	TrackProducerAlgorithm  61	1	
/RecoTracker/TrackProducer/interface/TrackProducerAlgorithm.h	6	TrackProducerAlgorithm  64	1	
/RecoEgamma/EgammaTools/plugins/EGFull5x5ShowerShapeModifier.cc	1	EGFull5x5ShowerShapeModifierFromValueMaps  108	1	
/RecoTracker/TrackProducer/interface/TrackProducerBase.icc	18	initTrackProducerBase  57	1	
/RecoEgamma/EgammaElectronProducers/plugins/GsfElectronProducer.cc	1	checkEcalSeedingParameters  556	1	
/RecoTracker/TkTrackingRegions/interface/GlobalTrackingRegionProducerFromBeamSpot.h	5	GlobalTrackingRegionProducerFromBeamSpot  36	1
/RecoTracker/TrackProducer/interface/TrackProducerAlgorithm.h	6	TrackProducerAlgorithm  62	1	
/RecoEgamma/EgammaTools/interface/EGExtraInfoModifierFromValueMaps.h	1	EGExtraInfoModifierFromValueMaps  132	1	
/RecoParticleFlow/PFClusterProducer/interface/HGCRecHitNavigator.h	1	HGCRecHitNavigator  56	1	
/RecoLocalCalo/HcalRecProducers/src/HcalHitReconstructor.cc	1	HcalHitReconstructor  153	1	
/RecoBTag/ImpactParameter/interface/TemplatedTrackCountingComputer.h	2	TemplatedTrackCountingComputer  22	1	
/RecoEgamma/EgammaTools/interface/EGExtraInfoModifierFromValueMaps.h	10	EGExtraInfoModifierFromValueMaps  122	1	
/RecoEgamma/EgammaTools/interface/EGExtraInfoModifierFromValueMaps.h	10	EGExtraInfoModifierFromValueMaps  137	1	
/DQMOffline/RecoB/plugins/BTagPerformanceHarvester.cc	1	dqmEndJob  146	1	
/RecoTracker/TrackProducer/interface/TrackProducerAlgorithm.h	8	TrackProducerAlgorithm  62	1	
/RecoLocalTracker/SiStripRecHitConverter/plugins/StripCPEESProducer.cc	1	StripCPEESProducer  57	1	
/RecoHI/HiCentralityAlgos/plugins/CentralityBinProducer.cc	1	CentralityBinProducer  143	1	
/Validation/RecoTau/src/TauTagValidation.cc	1	TauTagValidation 61	1	  
/Validation/RecoTau/plugins/DQMHistPlotter.cc	1	cfgEntryDrawOption  414	1	
/RecoLocalMuon/DTSegment/src/DTMeantimerPatternReco4D.cc	1	DTMeantimerPatternReco4D  41	1	
/RecoTauTag/RecoTau/src/RecoTauVertexAssociator.cc	1	RecoTauVertexAssociator  173	1	
/Validation/RecoTau/plugins/DQMHistPlotter.cc	1	cfgEntryDrawOption  412	1	
/Validation/RecoTau/plugins/DQMHistPlotter.cc	1	cfgEntryLegend  291	1	
/RecoEgamma/EgammaTools/interface/EGExtraInfoModifierFromValueMaps.h	10	EGExtraInfoModifierFromValueMaps  132	1	
/Validation/RecoTau/plugins/DQMHistPlotter.cc	1	cfgEntryAxisY  241	1	
/RecoMET/METProducers/src/CaloMETProducer.cc	1	CaloMETProducer  40	1	
/DQMOffline/RecoB/plugins/BTagPerformanceAnalyzerOnData.cc	1	bookHistograms  100	1	
/RecoTauTag/RecoTau/src/AntiElectronIDMVA6.cc	2	AntiElectronIDMVA6  53	1	
/RecoTauTag/RecoTau/src/RecoTauVertexAssociator.cc	2	RecoTauVertexAssociator  163	1	
/Validation/RecoTau/src/TauValidationMiniAOD.cc	1	bookHistograms  89	1	
/RecoParticleFlow/PFClusterProducer/plugins/Basic2DGenericPFlowClusterizer.cc	1	Basic2DGenericPFlowClusterizer  121	1
/RecoBTag/SecondaryVertex/plugins/TemplatedSecondaryVertexProducer.cc	2	TemplatedSecondaryVertexProducer  269	1	
/RecoParticleFlow/PFProducer/interface/PFCandConnector.h	3	setParameters  56	1	
/RecoEgamma/EgammaTools/plugins/EGFull5x5ShowerShapeModifier.cc	1	EGFull5x5ShowerShapeModifierFromValueMaps  177	1	
/RecoTauTag/RecoTau/plugins/PFTauSelectorDefinition.h	1	PFTauSelectorDefinition  72	1	
/RecoMuon/MuonIdentification/plugins/cuts/MuonTrackCut.cc	1	MuonTrackCut  45	1	
/RecoTauTag/RecoTau/plugins/PFTauSelectorDefinition.h	1	select  129	1	
/Validation/RecoTau/src/TauValidationMiniAOD.cc	1	bookHistograms  65	1	
/RecoMuon/L2MuonProducer/plugins/L2MuonProducer.cc	1	L2MuonProducer  94	1	
/RecoMET/METPUSubtraction/plugins/NoPileUpPFMEtProducer.cc	1	NoPileUpPFMEtProducer  51	1	
/Validation/RecoTau/plugins/DQMHistPlotter.cc	1	TauDQMHistPlotter  765	1	
/RecoBTag/SecondaryVertex/plugins/TemplatedSecondaryVertexProducer.cc	2	TemplatedSecondaryVertexProducer  263	1	
/Validation/RecoTau/plugins/DQMHistPlotter.cc	1	cfgEntryLegend  295	1	
/RecoEgamma/EgammaTools/interface/EGExtraInfoModifierFromValueMaps.h	10	EGExtraInfoModifierFromValueMaps  139	1	
/Validation/RecoTau/plugins/DQMHistPlotter.cc	1	cfgEntryAxisY  235	1	
/RecoEgamma/EgammaTools/plugins/EGFull5x5ShowerShapeModifier.cc	1	EGFull5x5ShowerShapeModifierFromValueMaps  159	1	
/RecoLocalTracker/SiStripRecHitConverter/plugins/StripCPEESProducer.cc	1	StripCPEESProducer  41	1	
/RecoTauTag/RecoTau/plugins/PFTauSelectorDefinition.h	1	select  164	1	
/Validation/RecoTau/plugins/DQMHistPlotter.cc	1	cfgEntryAxisX  195	1	
/RecoEcal/EgammaClusterProducers/src/EgammaSCCorrectionMaker.cc	1	EgammaSCCorrectionMaker  121	1	
/RecoEgamma/EgammaTools/plugins/EGFull5x5ShowerShapeModifier.cc	1	EGFull5x5ShowerShapeModifierFromValueMaps  179	1	
/RecoParticleFlow/PFClusterProducer/interface/PFClusterBuilderBase.h	8	PFClusterBuilderBase  29	1	
/RecoTauTag/HLTProducers/src/TauRegionalPixelSeedGenerator.h	1	TauRegionalPixelSeedGenerator  62	1	
/RecoEgamma/EgammaTools/plugins/EGFull5x5ShowerShapeModifier.cc	1	EGFull5x5ShowerShapeModifierFromValueMaps  122	1	
/Validation/RecoTau/plugins/DQMHistPlotter.cc	1	cfgEntryDrawOption  409	1	
/RecoMET/METAlgorithms/src/HcalNoiseAlgo.cc	1	HcalNoiseAlgo  158	1	
/RecoTracker/TrackProducer/interface/TrackProducerAlgorithm.h	8	TrackProducerAlgorithm  64	1
/RecoLocalTracker/SiStripRecHitConverter/src/StripCPEfromTrackAngle.cc	1	StripCPEfromTrackAngle  22	1	
/RecoEgamma/EgammaTools/plugins/EGFull5x5ShowerShapeModifier.cc	1	EGFull5x5ShowerShapeModifierFromValueMaps  138	1	
/RecoLuminosity/LumiProducer/plugins/BunchSpacingProducer.cc	1	BunchSpacingProducer  43	1	
/RecoBTag/SecondaryVertex/plugins/TemplatedSecondaryVertexProducer.cc	1	TemplatedSecondaryVertexProducer  281	1	
/RecoEgamma/EgammaTools/plugins/EGFull5x5ShowerShapeModifier.cc	1	EGFull5x5ShowerShapeModifierFromValueMaps  124	1	
/RecoBTag/SoftLepton/src/LeptonSelector.cc	2	LeptonSelector  16	1	
/RecoBTag/SecondaryVertex/plugins/TemplatedSecondaryVertexProducer.cc	2	TemplatedSecondaryVertexProducer  272	1	
/RecoParticleFlow/PFProducer/interface/PFCandConnector.h	3	setParameters  40	1	
/RecoMET/METAlgorithms/src/HcalNoiseAlgo.cc	1	HcalNoiseAlgo  142	1	
/RecoParticleFlow/PFProducer/interface/PFCandConnector.h	3	setParameters  48	1	
/RecoTauTag/RecoTau/plugins/TauDiscriminantCutMultiplexer.cc	2	TauDiscriminantCutMultiplexerT  194	1	
/RecoEgamma/EgammaTools/plugins/EGFull5x5ShowerShapeModifier.cc	1	EGFull5x5ShowerShapeModifierFromValueMaps  106	1	
/RecoMET/METProducers/src/PFMETProducer.cc	1	PFMETProducer  48	1	
/RecoMuon/L3MuonProducer/src/L3MuonCandidateProducer.cc	1	L3MuonCandidateProducer  60	1	
/RecoHI/HiEvtPlaneAlgos/src/EvtPlaneProducer.cc	1	EvtPlaneProducer  384	1	
/RecoTracker/TkTrackingRegions/interface/GlobalTrackingRegionProducerFromBeamSpot.h	5	GlobalTrackingRegionProducerFromBeamSpot  30	1
/Validation/RecoTau/plugins/DQMHistPlotter.cc	1	cfgEntryLabel  346	1	
/RecoMET/METPUSubtraction/src/PFMEtSignInterfaceBase.cc	1	PFMEtSignInterfaceBase  33	1	
/RecoVertex/PrimaryVertexProducer/src/PrimaryVertexProducerAlgorithm.cc	1	PrimaryVertexProducerAlgorithm  57	1	
/RecoLocalTracker/SubCollectionProducers/src/HITrackClusterRemover.cc	1	HITrackClusterRemover  163	1	
/Validation/RecoTau/plugins/DQMHistPlotter.cc	1	TauDQMHistPlotter  678	1	
/Validation/RecoTau/plugins/DQMHistPlotter.cc	1	TauDQMHistPlotter  839	1	
/Validation/RecoTau/plugins/DQMHistPlotter.cc	1	cfgEntryDrawOption  410	1	
/RecoTracker/FinalTrackSelectors/plugins/AnalyticalTrackSelector.cc	1	AnalyticalTrackSelector  193	1	
/RecoTracker/FinalTrackSelectors/plugins/AnalyticalTrackSelector.cc	1	AnalyticalTrackSelector  168	1	
/RecoMET/METPUSubtraction/plugins/NoPileUpPFMEtDataProducer.cc	1	NoPileUpPFMEtDataProducer  53	1	
/RecoPixelVertexing/PixelLowPtUtilities/src/StripSubClusterShapeTrajectoryFilter.cc	1	StripSubClusterShapeFilterBase  168	1	
/RecoEgamma/EgammaTools/plugins/EGFull5x5ShowerShapeModifier.cc	1	EGFull5x5ShowerShapeModifierFromValueMaps  149	1	
/Validation/RecoTau/plugins/DQMHistPlotter.cc	1	cfgEntryLegend  297	1	
/RecoMET/METPUSubtraction/plugins/JVFJetIdProducer.cc	1	JVFJetIdProducer  42	1	
/RecoTauTag/RecoTau/src/RecoTauVertexAssociator.cc	1	RecoTauVertexAssociator  233	1	
/RecoMuon/MuonIdentification/plugins/cuts/MuonTrackCut.cc	1	MuonTrackCut  35	1	
/RecoBTag/SecondaryVertex/plugins/TemplatedSecondaryVertexProducer.cc	2	TemplatedSecondaryVertexProducer  270	1	
/Validation/RecoB/plugins/BTagPerformanceAnalyzerMC.cc	1	BTagPerformanceAnalyzerMC  85	1	
/Validation/RecoTau/plugins/DQMHistPlotter.cc	1	TauDQMHistPlotter  682	1	
/RecoBTag/Combined/src/HeavyIonCSVTagger.cc	1	HeavyIonCSVTagger  33	1	
/RecoPixelVertexing/PixelVertexFinding/plugins/PixelVertexProducer.cc	1	PixelVertexProducer  88	1	
/Validation/RecoTau/plugins/DQMHistPlotter.cc	1	cfgEntryLabel  340	1	
/RecoTauTag/RecoTau/plugins/TauDiscriminantCutMultiplexer.cc	2	TauDiscriminantCutMultiplexerT  184	1	
/Validation/RecoTau/plugins/DQMHistPlotter.cc	1	cfgEntryDrawOption  406	1	
/RecoEgamma/EgammaTools/plugins/EGFull5x5ShowerShapeModifier.cc	1	EGFull5x5ShowerShapeModifierFromValueMaps  167	1	
/RecoParticleFlow/PFClusterProducer/interface/HGCRecHitNavigator.h	1	HGCRecHitNavigator  51	1	
/Validation/RecoTau/plugins/DQMHistPlotter.cc	1	cfgEntryDrawOption  402	1	
/RecoEgamma/EgammaHFProducers/plugins/HFRecoEcalCandidateProducer.cc	1	HFRecoEcalCandidateProducer  77	1	
/RecoParticleFlow/PFProducer/plugins/PFElectronTranslator.cc	1	PFElectronTranslator  150	1	
/RecoLocalMuon/GEMRecHit/plugins/GEMRecHitProducer.cc	1	GEMRecHitProducer  35	1	
/RecoParticleFlow/PFClusterProducer/interface/HGCRecHitNavigator.h	1	HGCRecHitNavigator  51	1	
/DQMOffline/RecoB/src/TaggingVariablePlotter.cc	1	VariableConfig  20	1	
/RecoTracker/TkTrackingRegions/plugins/PointSeededTrackingRegionsProducer.h	1	PointSeededTrackingRegionsProducer  102	1
/RecoTracker/TkSeedingLayers/src/SeedingLayerSetsBuilder.cc	1	LayerSpec  147	1	
/Validation/RecoTau/plugins/DQMHistPlotter.cc	1	cfgEntryAxisX  194	1	
/RecoTauTag/RecoTau/plugins/TauDiscriminantCutMultiplexer.cc	1	TauDiscriminantCutMultiplexerT  184	1	
/RecoLocalTracker/SiStripRecHitConverter/src/StripCPEfromTrackAngle.cc	1	StripCPEfromTrackAngle  28	1	
/RecoEgamma/EgammaTools/plugins/EGFull5x5ShowerShapeModifier.cc	1	EGFull5x5ShowerShapeModifierFromValueMaps  100	1	
/RecoEgamma/EgammaTools/interface/EGExtraInfoModifierFromValueMaps.h	1	EGExtraInfoModifierFromValueMaps  122	1	
/RecoLocalTracker/SiStripRecHitConverter/src/StripCPEfromTrackAngle.cc	1	StripCPEfromTrackAngle  29	1	
/RecoJets/JetProducers/plugins/BoostedTauSeedsProducer.cc	2	GenericBoostedTauSeedsProducer  73	1	
/RecoTauTag/HLTProducers/src/TauRegionalPixelSeedGenerator.h	1	TauRegionalPixelSeedGenerator  52	1	
/RecoLocalCalo/HcalRecProducers/src/HcalHitReconstructor.cc	1	HcalHitReconstructor  157	1	
/RecoTauTag/RecoTau/src/RecoTauVertexAssociator.cc	1	RecoTauVertexAssociator  215	1	
/Validation/RecoTau/plugins/DQMHistPlotter.cc	1	cfgEntryAxisY  236	1	
/RecoEgamma/EgammaTools/plugins/EGFull5x5ShowerShapeModifier.cc	1	EGFull5x5ShowerShapeModifierFromValueMaps  140	1	
/RecoLocalMuon/GEMRecHit/plugins/GEMRecHitProducer.cc	1	GEMRecHitProducer  51	1	
/RecoJets/JetProducers/plugins/BoostedTauSeedsProducer.cc	1	GenericBoostedTauSeedsProducer  73	1	
/RecoBTag/ImpactParameter/interface/TemplatedTrackCountingComputer.h	2	TemplatedTrackCountingComputer  42	1	
/Validation/RecoTau/plugins/DQMHistPlotter.cc	1	cfgEntryLabel  338	1	
/RecoLocalTracker/SiStripRecHitConverter/src/StripCPEfromTrackAngle.cc	1	StripCPEfromTrackAngle  23	1	
/RecoParticleFlow/PFClusterProducer/plugins/PFlow2DClusterizerWithTime.cc	1	PFlow2DClusterizerWithTime  126	1	
/RecoMET/METPUSubtraction/plugins/PFMETProducerMVA.cc	1	PFMETProducerMVA  29	1	
/RecoTracker/TkTrackingRegions/plugins/CandidateSeededTrackingRegionsProducer.h	1	CandidateSeededTrackingRegionsProducer  94	1	
/RecoEgamma/EgammaTools/plugins/EGFull5x5ShowerShapeModifier.cc	1	EGFull5x5ShowerShapeModifierFromValueMaps  126	1
/RecoParticleFlow/PFProducer/interface/PFCandConnector.h	3	setParameters  64	1	
/RecoEgamma/EgammaTools/plugins/EGFull5x5ShowerShapeModifier.cc	1	EGFull5x5ShowerShapeModifierFromValueMaps  187	1
/RecoMuon/TrackingTools/src/MuonServiceProxy.cc	1	MuonServiceProxy  45	1	
/RecoHI/HiTracking/plugins/HIMultiTrackSelector.cc	1	HIMultiTrackSelector  150	1	
/RecoParticleFlow/PFClusterProducer/plugins/Basic2DGenericPFlowPositionCalc.cc	1 Basic2DGenericPFlowPositionCalc  35	1
/RecoHI/HiTracking/plugins/HIMultiTrackSelector.cc	1	HIMultiTrackSelector  294	1	
/RecoEgamma/EgammaPhotonProducers/src/GEDPhotonProducer.cc	1	GEDPhotonProducer  286	1	
/Validation/RecoTau/src/TauTagValidation.cc	1	TauTagValidation  63	1	
/Validation/RecoTau/plugins/DQMHistPlotter.cc	1	cfgEntryLabel  337	1	
/Validation/RecoTau/plugins/DQMHistPlotter.cc	1	TauDQMHistPlotter  770	1	
/RecoMET/METPUSubtraction/plugins/NoPileUpPFMEtProducer.cc	1	NoPileUpPFMEtProducer  49	1	
/RecoEgamma/EgammaTools/plugins/EGFull5x5ShowerShapeModifier.cc	1	EGFull5x5ShowerShapeModifierFromValueMaps  118	1
/RecoHI/HiEvtPlaneAlgos/src/HiEvtPlaneFlatProducer.cc	1	HiEvtPlaneFlatProducer  115	1	
/RecoTauTag/RecoTau/src/RecoTauVertexAssociator.cc	2	RecoTauVertexAssociator  183	1	
/RecoBTag/SecondaryVertex/interface/TemplatedSimpleSecondaryVertexComputer.h	1	TemplatedSimpleSecondaryVertexComputer  31	1
/RecoEgamma/EgammaTools/plugins/EGRegressionModifierV3.cc	1	EGRegressionModifierV3  82	1	
/RecoBTag/SecondaryVertex/plugins/TemplatedSecondaryVertexProducer.cc	1	TemplatedSecondaryVertexProducer  272	1	
/RecoMET/METAlgorithms/src/HcalNoiseAlgo.cc	1	HcalNoiseAlgo  176	1	
/RecoMET/METAlgorithms/src/HcalNoiseAlgo.cc	1	HcalNoiseAlgo  138	1	
/RecoTracker/TkSeedGenerator/plugins/MultiHitGeneratorFromChi2.cc	1	MultiHitGeneratorFromChi2  89	1	
/RecoParticleFlow/PFClusterProducer/plugins/PFlow2DClusterizerWithTime.cc	1	PFlow2DClusterizerWithTime  141	1	
/RecoEcal/EgammaClusterProducers/src/EgammaSCCorrectionMaker.cc	1	EgammaSCCorrectionMaker  124	1	
/Validation/RecoTau/plugins/DQMHistPlotter.cc	1	cfgEntryLabel  343	1	
/Validation/RecoTau/src/TauValidationMiniAOD.cc	1	bookHistograms  67	1	
/RecoTauTag/RecoTau/plugins/TauDiscriminantCutMultiplexer.cc	2	TauDiscriminantCutMultiplexerT  186	1	
/RecoJets/JetProducers/plugins/InputGenJetsParticleSelector.cc	1	InputGenJetsParticleSelector  61	1	
/Validation/RecoTau/plugins/DQMHistPlotter.cc	1	cfgEntryDrawOption  401	1	
/RecoTauTag/ImpactParameter/plugins/PFTau3ProngReco.cc	1	PFTau3ProngReco  111	1	
/Validation/RecoTau/plugins/DQMHistPlotter.cc	1	TauDQMHistPlotter  851	1	
/RecoEgamma/EgammaTools/interface/SCRegressionCalculator.h	1	SCRegressionCalculator  45	1	
/RecoTracker/TkSeedGenerator/src/ClusterChecker.cc	1	ClusterChecker  24	1	
/RecoTracker/TkSeedingLayers/src/SeedingLayerSetsBuilder.cc	1	LayerSpec  113	1	
/Validation/RecoTau/src/TauTagValidation.cc	1	bookHistograms  169	1	
/Validation/RecoTau/plugins/DQMFileLoader.cc	1	cfgEntryFileSet  102	1	
/RecoLocalCalo/HcalRecProducers/src/HcalHitReconstructor.cc	1	HcalHitReconstructor  67	1	
/Validation/RecoTau/plugins/DQMHistPlotter.cc	1	cfgEntryLegend  296	1	
/RecoMuon/MuonSeedGenerator/plugins/CosmicMuonSeedGenerator.cc	1	CosmicMuonSeedGenerator  57	1	
/RecoParticleFlow/PFClusterProducer/plugins/PFlow2DClusterizerWithTime.cc	1	PFlow2DClusterizerWithTime  132	1	
/RecoTracker/FinalTrackSelectors/plugins/MultiTrackSelector.cc	1	MultiTrackSelector  173	1	
/Validation/RecoTau/plugins/DQMHistPlotter.cc	1	TauDQMHistPlotter  854	1	
/Validation/RecoTau/plugins/DQMHistPlotter.cc	1	cfgEntryAxisY  233	1	
/Validation/RecoTrack/plugins/MultiTrackValidator.cc	1	MultiTrackValidator  153	1	
/RecoBTag/SecondaryVertex/plugins/TemplatedSecondaryVertexProducer.cc	2	TemplatedSecondaryVertexProducer  271	1	
/RecoEgamma/EgammaTools/plugins/EGFull5x5ShowerShapeModifier.cc	1	EGFull5x5ShowerShapeModifierFromValueMaps  102	1
/Validation/RecoTau/plugins/DQMHistPlotter.cc	1	TauDQMHistPlotter  637	1	
/Validation/RecoTau/src/TauValidationMiniAOD.cc	1	bookHistograms  74	1	  
/RecoTauTag/ImpactParameter/plugins/PFTau3ProngReco.cc	1	PFTau3ProngReco  118	1	
/RecoMET/METPUSubtraction/src/MvaMEtUtilities.cc	1	MvaMEtUtilities  79	1	
/RecoBTag/SecondaryVertex/plugins/TemplatedSecondaryVertexProducer.cc	2	TemplatedSecondaryVertexProducer  281	1	
/RecoTracker/FinalTrackSelectors/plugins/MultiTrackSelector.cc	1	MultiTrackSelector  168	1	
/RecoTracker/TrackProducer/interface/TrackProducerAlgorithm.h	8	TrackProducerAlgorithm  61	1	
/Validation/RecoTau/plugins/DQMHistPlotter.cc	1	cfgEntryDrawOption  407	1	
/RecoEcal/EgammaClusterProducers/src/Multi5x5ClusterProducer.cc	1	Multi5x5ClusterProducer  109	1	
/RecoTracker/TkSeedingLayers/src/SeedingLayerSetsBuilder.cc	1	LayerSpec  137	1	
/RecoLocalTracker/SiStripRecHitConverter/src/StripCPEfromTrackAngle.cc	1	StripCPEfromTrackAngle  25	1	
/RecoTracker/SpecialSeedGenerators/src/SimpleCosmicBONSeeder.cc	1	SimpleCosmicBONSeeder  69	1	
/Validation/RecoTau/plugins/DQMHistPlotter.cc	1	cfgEntryLegend  298	1	
/RecoEgamma/EgammaElectronProducers/plugins/GEDGsfElectronFinalizer.cc	1	GEDGsfElectronFinalizer  45	1	
/RecoTracker/TkTrackingRegions/interface/GlobalTrackingRegionProducerFromBeamSpot.h	5	GlobalTrackingRegionProducerFromBeamSpot  32	1
/DQMOffline/RecoB/src/TaggingVariablePlotter.cc	1	VariableConfig  26	1	
/RecoParticleFlow/PFClusterProducer/plugins/PFClusterProducer.cc	1	PFClusterProducer  67	1	
/RecoEgamma/EgammaTools/plugins/EGFull5x5ShowerShapeModifier.cc	1	EGFull5x5ShowerShapeModifierFromValueMaps  153	1
/RecoMuon/TrackingTools/src/MuonServiceProxy.cc	1	MuonServiceProxy  40	1	
/RecoEgamma/EgammaTools/plugins/EGFull5x5ShowerShapeModifier.cc	1	EGFull5x5ShowerShapeModifierFromValueMaps  173	1
/Validation/RecoTau/plugins/DQMFileLoader.cc	1	cfgEntryFileSet  99	1	
/RecoEgamma/EgammaTools/plugins/EGFull5x5ShowerShapeModifier.cc	1	EGFull5x5ShowerShapeModifierFromValueMaps  157	1
/RecoTauTag/RecoTau/plugins/TauDiscriminantCutMultiplexer.cc	2	TauDiscriminantCutMultiplexerT  192	1	
/RecoBTag/SecondaryVertex/interface/TemplatedSimpleSecondaryVertexComputer.h	2	TemplatedSimpleSecondaryVertexComputer  31	1
/RecoMuon/TrackingTools/src/MuonSegmentMatcher.cc	1	MuonSegmentMatcher  48	1	
/Validation/RecoTau/src/TauTagValidation.cc	1	TauTagValidation  82	1	
/Validation/RecoTau/plugins/DQMHistPlotter.cc	1	cfgEntryLabel  347	1	
/RecoBTag/ImpactParameter/interface/TemplatedTrackCountingComputer.h	1	TemplatedTrackCountingComputer  22	1	
/RecoParticleFlow/PFClusterProducer/interface/HGCRecHitNavigator.h	1	HGCRecHitNavigator  46	1	
/RecoTracker/TkSeedingLayers/src/SeedingLayerSetsBuilder.cc	1	LayerSpec  140	1	
/RecoMET/METProducers/src/GenMETProducer.cc	1	GenMETProducer  35	1	
/RecoLocalTracker/SubCollectionProducers/src/HITrackClusterRemover.cc	1	HITrackClusterRemover  215	1	
/RecoEgamma/EgammaTools/interface/EGExtraInfoModifierFromValueMaps.h	1	EGExtraInfoModifierFromValueMaps  121	1	
/RecoBTag/SecondaryVertex/plugins/TemplatedSecondaryVertexProducer.cc	2	TemplatedSecondaryVertexProducer  279	1	
/RecoEgamma/EgammaTools/interface/EGExtraInfoModifierFromValueMaps.h	1	EGExtraInfoModifierFromValueMaps  145	1	
/RecoEgamma/EgammaTools/plugins/EGFull5x5ShowerShapeModifier.cc	1	EGFull5x5ShowerShapeModifierFromValueMaps  120	1
/RecoEgamma/EgammaPhotonProducers/src/GEDPhotonProducer.cc	1	GEDPhotonProducer  289	1	
/RecoEgamma/EgammaTools/plugins/EGFull5x5ShowerShapeModifier.cc	1	EGFull5x5ShowerShapeModifierFromValueMaps  165	1
/RecoEgamma/EgammaTools/interface/EGExtraInfoModifierFromValueMaps.h	1	EGExtraInfoModifierFromValueMaps  137	1	
/RecoTauTag/RecoTau/plugins/TauDiscriminantCutMultiplexer.cc	2	TauDiscriminantCutMultiplexerT  196	1	
/RecoLocalTracker/SubCollectionProducers/src/HITrackClusterRemover.cc	1	readPSet  125	1	
/RecoMET/METPUSubtraction/src/PFMEtSignInterfaceBase.cc	1	PFMEtSignInterfaceBase  19	1	
/RecoHI/HiTracking/plugins/HIMultiTrackSelector.cc	1	HIMultiTrackSelector  134	1	
/DQMOffline/RecoB/plugins/BTagPerformanceHarvester.cc	1	dqmEndJob  110	1	
/RecoTauTag/RecoTau/plugins/PFTauSelectorDefinition.h	1	select  136	1	
/Validation/RecoTau/plugins/DQMHistPlotter.cc	1	cfgEntryLegend  294	1	
/RecoMuon/MuonIdentification/plugins/cuts/MuonTrackCut.cc	1	MuonTrackCut  41	1	
/Validation/RecoTau/plugins/DQMHistPlotter.cc	1	cfgEntryLabel  339	1	
/RecoEgamma/EgammaTools/plugins/EGFull5x5ShowerShapeModifier.cc	1	EGFull5x5ShowerShapeModifierFromValueMaps  145	1
/RecoLocalCalo/HcalRecProducers/src/HcalHitReconstructor.cc	1	HcalHitReconstructor  155	1	
/RecoVertex/PrimaryVertexProducer/plugins/PrimaryVertexProducer.cc	1	PrimaryVertexProducer  67	1	
/RecoTauTag/RecoTau/plugins/TauDiscriminantCutMultiplexer.cc	2	TauDiscriminantCutMultiplexerT  182	1	  
/Validation/RecoTau/plugins/DQMHistPlotter.cc	1	cfgEntryProcess  169	1	  
/Validation/RecoTau/plugins/DQMHistPlotter.cc	1	cfgEntryAxisX  199	1	
/RecoMET/METProducers/src/ElseMETProducer.cc	1	ElseMETProducer  36	1	
/RecoEgamma/EgammaTools/plugins/EGFull5x5ShowerShapeModifier.cc	1	EGFull5x5ShowerShapeModifierFromValueMaps  181	1	/FastSimulation/TrackingRecHitProducer/plugins/TrackingRecHitStripGSPlugin.cc	1	TrackingRecHitStripGSPlugin  40	1	
/RecoMuon/MuonIdentification/plugins/cuts/MuonTrackCut.cc	1	MuonTrackCut  55	1	
/RecoEgamma/EgammaTools/plugins/EGFull5x5ShowerShapeModifier.cc	1	EGFull5x5ShowerShapeModifierFromValueMaps  171	1
/RecoLocalMuon/DTSegment/src/DTCombinatorialPatternReco4D.cc	1	DTCombinatorialPatternReco4D  40	1	
/RecoParticleFlow/PFClusterProducer/interface/HGCRecHitNavigator.h	1	HGCRecHitNavigator  56	1	
/RecoParticleFlow/PFClusterProducer/plugins/Basic2DGenericPFlowPositionCalc.cc	1	Basic2DGenericPFlowPositionCalc  30	1
/RecoHI/HiTracking/plugins/HIMultiTrackSelector.cc	1	HIMultiTrackSelector  289	1	
/Validation/RecoTau/src/TauValidationMiniAOD.cc	1	bookHistograms  81	1	
/RecoTauTag/RecoTau/src/AntiElectronIDMVA6.cc	2	AntiElectronIDMVA6  55	1	
/RecoParticleFlow/PFClusterProducer/plugins/Basic2DGenericPFlowPositionCalc.cc	1	Basic2DGenericPFlowPositionCalc  71	1
/RecoLocalMuon/DTSegment/src/DTSegmentUpdator.cc	1	DTSegmentUpdator  57	1	
/RecoTauTag/RecoTau/src/RecoTauVertexAssociator.cc	1	RecoTauVertexAssociator  217	1	
/RecoTauTag/HLTProducers/src/TrackingRegionsFromBeamSpotAndL2Tau.h	1	TrackingRegionsFromBeamSpotAndL2Tau  44	1	
/RecoEgamma/EgammaTools/plugins/EGFull5x5ShowerShapeModifier.cc	1	EGFull5x5ShowerShapeModifierFromValueMaps  134	1
/RecoLocalTracker/SiStripRecHitConverter/src/StripCPEfromTrackAngle.cc	1	StripCPEfromTrackAngle  18	1	
/RecoTracker/FinalTrackSelectors/plugins/AnalyticalTrackSelector.cc	1	AnalyticalTrackSelector  198	1	
/RecoTracker/SpecialSeedGenerators/src/SimpleCosmicBONSeeder.cc	1	SimpleCosmicBONSeeder  56	1	
/DQMOffline/RecoB/plugins/BTagPerformanceAnalyzerOnData.cc	1	bookHistograms  100	1	
/DQMOffline/RecoB/plugins/BTagPerformanceHarvester.cc	1	dqmEndJob  110	1	
/DQMOffline/RecoB/plugins/BTagPerformanceHarvester.cc	1	dqmEndJob  146	1	
/DQMOffline/RecoB/src/TaggingVariablePlotter.cc	1	VariableConfig  20	1	
/DQMOffline/RecoB/src/TaggingVariablePlotter.cc	1	VariableConfig  26	1	
/RecoBTag/Combined/src/HeavyIonCSVTagger.cc	1	HeavyIonCSVTagger  33	1	
/RecoBTag/ImpactParameter/interface/TemplatedTrackCountingComputer.h	1	TemplatedTrackCountingComputer  22	1	
/RecoBTag/ImpactParameter/interface/TemplatedTrackCountingComputer.h	2	TemplatedTrackCountingComputer  22	1	
/RecoBTag/ImpactParameter/interface/TemplatedTrackCountingComputer.h	2	TemplatedTrackCountingComputer  42	1	
/RecoBTag/SecondaryVertex/interface/TemplatedSimpleSecondaryVertexComputer.h	1	TemplatedSimpleSecondaryVertexComputer  31	1
/RecoBTag/SecondaryVertex/interface/TemplatedSimpleSecondaryVertexComputer.h	2	TemplatedSimpleSecondaryVertexComputer  31	1
/RecoBTag/SecondaryVertex/plugins/TemplatedSecondaryVertexProducer.cc	1	TemplatedSecondaryVertexProducer  272	1	
/RecoBTag/SecondaryVertex/plugins/TemplatedSecondaryVertexProducer.cc	1	TemplatedSecondaryVertexProducer  281	1	
/RecoBTag/SecondaryVertex/plugins/TemplatedSecondaryVertexProducer.cc	2	TemplatedSecondaryVertexProducer  263	1	
/RecoBTag/SecondaryVertex/plugins/TemplatedSecondaryVertexProducer.cc	2	TemplatedSecondaryVertexProducer  269	1	
/RecoBTag/SecondaryVertex/plugins/TemplatedSecondaryVertexProducer.cc	2	TemplatedSecondaryVertexProducer  270	1	
/RecoBTag/SecondaryVertex/plugins/TemplatedSecondaryVertexProducer.cc	2	TemplatedSecondaryVertexProducer  271	1	
/RecoBTag/SecondaryVertex/plugins/TemplatedSecondaryVertexProducer.cc	2	TemplatedSecondaryVertexProducer  272	1	
/RecoBTag/SecondaryVertex/plugins/TemplatedSecondaryVertexProducer.cc	2	TemplatedSecondaryVertexProducer  279	1	
/RecoBTag/SecondaryVertex/plugins/TemplatedSecondaryVertexProducer.cc	2	TemplatedSecondaryVertexProducer  281	1	
/RecoBTag/SoftLepton/src/LeptonSelector.cc	2	LeptonSelector  16	1	
/RecoEcal/EgammaClusterProducers/src/EgammaSCCorrectionMaker.cc	1	EgammaSCCorrectionMaker  121	1	
/RecoEcal/EgammaClusterProducers/src/EgammaSCCorrectionMaker.cc	1	EgammaSCCorrectionMaker  124	1	
/RecoEcal/EgammaClusterProducers/src/Multi5x5ClusterProducer.cc	1	Multi5x5ClusterProducer  109	1	
/RecoEgamma/EgammaElectronProducers/plugins/GEDGsfElectronFinalizer.cc	1	GEDGsfElectronFinalizer  45	1	
/RecoEgamma/EgammaElectronProducers/plugins/GsfElectronProducer.cc	1	checkEcalSeedingParameters  556	1	
/RecoEgamma/EgammaHFProducers/plugins/HFRecoEcalCandidateProducer.cc	1	HFRecoEcalCandidateProducer  77	1	
/RecoEgamma/EgammaPhotonAlgos/src/PhotonEnergyCorrector.cc	1	PhotonEnergyCorrector  45	1	
/RecoEgamma/EgammaPhotonProducers/src/GEDPhotonProducer.cc	1	GEDPhotonProducer  286	1	
/RecoEgamma/EgammaPhotonProducers/src/GEDPhotonProducer.cc	1	GEDPhotonProducer  289	1	
/RecoEgamma/EgammaTools/interface/EGExtraInfoModifierFromValueMaps.h	1	EGExtraInfoModifierFromValueMaps  121	1	
/RecoEgamma/EgammaTools/interface/EGExtraInfoModifierFromValueMaps.h	1	EGExtraInfoModifierFromValueMaps  122	1	
/RecoEgamma/EgammaTools/interface/EGExtraInfoModifierFromValueMaps.h	1	EGExtraInfoModifierFromValueMaps  132	1	
/RecoEgamma/EgammaTools/interface/EGExtraInfoModifierFromValueMaps.h	1	EGExtraInfoModifierFromValueMaps  137	1	
/RecoEgamma/EgammaTools/interface/EGExtraInfoModifierFromValueMaps.h	1	EGExtraInfoModifierFromValueMaps  145	1	
/RecoEgamma/EgammaTools/interface/EGExtraInfoModifierFromValueMaps.h	10	EGExtraInfoModifierFromValueMaps  121	1	
/RecoEgamma/EgammaTools/interface/EGExtraInfoModifierFromValueMaps.h	10	EGExtraInfoModifierFromValueMaps  122	1	
/RecoEgamma/EgammaTools/interface/EGExtraInfoModifierFromValueMaps.h	10	EGExtraInfoModifierFromValueMaps  124	1	
/RecoEgamma/EgammaTools/interface/EGExtraInfoModifierFromValueMaps.h	10	EGExtraInfoModifierFromValueMaps  132	1	
/RecoEgamma/EgammaTools/interface/EGExtraInfoModifierFromValueMaps.h	10	EGExtraInfoModifierFromValueMaps  137	1	
/RecoEgamma/EgammaTools/interface/EGExtraInfoModifierFromValueMaps.h	10	EGExtraInfoModifierFromValueMaps  139	1	
/RecoEgamma/EgammaTools/interface/EGExtraInfoModifierFromValueMaps.h	10	EGExtraInfoModifierFromValueMaps  145	1	
/RecoEgamma/EgammaTools/interface/SCRegressionCalculator.h	1	SCRegressionCalculator  45	1	
/RecoEgamma/EgammaTools/plugins/EGFull5x5ShowerShapeModifier.cc	1	EGFull5x5ShowerShapeModifierFromValueMaps  100	1	
/RecoEgamma/EgammaTools/plugins/EGFull5x5ShowerShapeModifier.cc	1	EGFull5x5ShowerShapeModifierFromValueMaps  102	1
/RecoEgamma/EgammaTools/plugins/EGFull5x5ShowerShapeModifier.cc	1	EGFull5x5ShowerShapeModifierFromValueMaps  106	1	
/RecoEgamma/EgammaTools/plugins/EGFull5x5ShowerShapeModifier.cc	1	EGFull5x5ShowerShapeModifierFromValueMaps  108	1	
/RecoEgamma/EgammaTools/plugins/EGFull5x5ShowerShapeModifier.cc	1	EGFull5x5ShowerShapeModifierFromValueMaps  118	1
/RecoEgamma/EgammaTools/plugins/EGFull5x5ShowerShapeModifier.cc	1	EGFull5x5ShowerShapeModifierFromValueMaps  120	1
/RecoEgamma/EgammaTools/plugins/EGFull5x5ShowerShapeModifier.cc	1	EGFull5x5ShowerShapeModifierFromValueMaps  122	1	
/RecoEgamma/EgammaTools/plugins/EGFull5x5ShowerShapeModifier.cc	1	EGFull5x5ShowerShapeModifierFromValueMaps  124	1	
/RecoEgamma/EgammaTools/plugins/EGFull5x5ShowerShapeModifier.cc	1	EGFull5x5ShowerShapeModifierFromValueMaps  126	1
/RecoEgamma/EgammaTools/plugins/EGFull5x5ShowerShapeModifier.cc	1	EGFull5x5ShowerShapeModifierFromValueMaps  134	1
/RecoEgamma/EgammaTools/plugins/EGFull5x5ShowerShapeModifier.cc	1	EGFull5x5ShowerShapeModifierFromValueMaps  138	1	
/RecoEgamma/EgammaTools/plugins/EGFull5x5ShowerShapeModifier.cc	1	EGFull5x5ShowerShapeModifierFromValueMaps  140	1	
/RecoEgamma/EgammaTools/plugins/EGFull5x5ShowerShapeModifier.cc	1	EGFull5x5ShowerShapeModifierFromValueMaps  145	1
/RecoEgamma/EgammaTools/plugins/EGFull5x5ShowerShapeModifier.cc	1	EGFull5x5ShowerShapeModifierFromValueMaps  149	1	
/RecoEgamma/EgammaTools/plugins/EGFull5x5ShowerShapeModifier.cc	1	EGFull5x5ShowerShapeModifierFromValueMaps  153	1
/RecoEgamma/EgammaTools/plugins/EGFull5x5ShowerShapeModifier.cc	1	EGFull5x5ShowerShapeModifierFromValueMaps  157	1
/RecoEgamma/EgammaTools/plugins/EGFull5x5ShowerShapeModifier.cc	1	EGFull5x5ShowerShapeModifierFromValueMaps  159	1	
/RecoEgamma/EgammaTools/plugins/EGFull5x5ShowerShapeModifier.cc	1	EGFull5x5ShowerShapeModifierFromValueMaps  165	1
/RecoEgamma/EgammaTools/plugins/EGFull5x5ShowerShapeModifier.cc	1	EGFull5x5ShowerShapeModifierFromValueMaps  167	1	
/RecoEgamma/EgammaTools/plugins/EGFull5x5ShowerShapeModifier.cc	1	EGFull5x5ShowerShapeModifierFromValueMaps  171	1
/RecoEgamma/EgammaTools/plugins/EGFull5x5ShowerShapeModifier.cc	1	EGFull5x5ShowerShapeModifierFromValueMaps  173	1
/RecoEgamma/EgammaTools/plugins/EGFull5x5ShowerShapeModifier.cc	1	EGFull5x5ShowerShapeModifierFromValueMaps  177	1	
/RecoEgamma/EgammaTools/plugins/EGFull5x5ShowerShapeModifier.cc	1	EGFull5x5ShowerShapeModifierFromValueMaps  179	1	
/RecoEgamma/EgammaTools/plugins/EGFull5x5ShowerShapeModifier.cc	1	EGFull5x5ShowerShapeModifierFromValueMaps  181	1	/FastSimulation/TrackingRecHitProducer/plugins/TrackingRecHitStripGSPlugin.cc	1	TrackingRecHitStripGSPlugin  40	1	
/RecoEgamma/EgammaTools/plugins/EGFull5x5ShowerShapeModifier.cc	1	EGFull5x5ShowerShapeModifierFromValueMaps  187	1
/RecoEgamma/EgammaTools/plugins/EGRegressionModifierV3.cc	1	EGRegressionModifierV3  82	1	
/RecoHI/HiCentralityAlgos/plugins/CentralityBinProducer.cc	1	CentralityBinProducer  143	1	
/RecoHI/HiEvtPlaneAlgos/src/EvtPlaneProducer.cc	1	EvtPlaneProducer  384	1	
/RecoHI/HiEvtPlaneAlgos/src/HiEvtPlaneFlatProducer.cc	1	HiEvtPlaneFlatProducer  115	1	
/RecoHI/HiTracking/plugins/HIMultiTrackSelector.cc	1	HIMultiTrackSelector  134	1	
/RecoHI/HiTracking/plugins/HIMultiTrackSelector.cc	1	HIMultiTrackSelector  150	1	
/RecoHI/HiTracking/plugins/HIMultiTrackSelector.cc	1	HIMultiTrackSelector  289	1	
/RecoHI/HiTracking/plugins/HIMultiTrackSelector.cc	1	HIMultiTrackSelector  294	1	
/RecoJets/JetProducers/plugins/BoostedTauSeedsProducer.cc	1	GenericBoostedTauSeedsProducer  73	1	
/RecoJets/JetProducers/plugins/BoostedTauSeedsProducer.cc	2	GenericBoostedTauSeedsProducer  73	1	
/RecoJets/JetProducers/plugins/InputGenJetsParticleSelector.cc	1	InputGenJetsParticleSelector  61	1	
/RecoLocalCalo/HcalRecProducers/src/HcalHitReconstructor.cc	1	HcalHitReconstructor  153	1	
/RecoLocalCalo/HcalRecProducers/src/HcalHitReconstructor.cc	1	HcalHitReconstructor  155	1	
/RecoLocalCalo/HcalRecProducers/src/HcalHitReconstructor.cc	1	HcalHitReconstructor  157	1	
/RecoLocalCalo/HcalRecProducers/src/HcalHitReconstructor.cc	1	HcalHitReconstructor  67	1	
/RecoLocalMuon/DTSegment/src/DTCombinatorialPatternReco4D.cc	1	DTCombinatorialPatternReco4D  40	1	
/RecoLocalMuon/DTSegment/src/DTMeantimerPatternReco4D.cc	1	DTMeantimerPatternReco4D  41	1	
/RecoLocalMuon/DTSegment/src/DTSegmentUpdator.cc	1	DTSegmentUpdator  57	1	
/RecoLocalMuon/GEMRecHit/plugins/GEMRecHitProducer.cc	1	GEMRecHitProducer  35	1	
/RecoLocalMuon/GEMRecHit/plugins/GEMRecHitProducer.cc	1	GEMRecHitProducer  51	1	
/RecoLocalTracker/SiStripRecHitConverter/plugins/StripCPEESProducer.cc	1	StripCPEESProducer  41	1	
/RecoLocalTracker/SiStripRecHitConverter/plugins/StripCPEESProducer.cc	1	StripCPEESProducer  57	1	
/RecoLocalTracker/SiStripRecHitConverter/src/StripCPEfromTrackAngle.cc	1	StripCPEfromTrackAngle  18	1	
/RecoLocalTracker/SiStripRecHitConverter/src/StripCPEfromTrackAngle.cc	1	StripCPEfromTrackAngle  22	1	
/RecoLocalTracker/SiStripRecHitConverter/src/StripCPEfromTrackAngle.cc	1	StripCPEfromTrackAngle  23	1	
/RecoLocalTracker/SiStripRecHitConverter/src/StripCPEfromTrackAngle.cc	1	StripCPEfromTrackAngle  25	1	
/RecoLocalTracker/SiStripRecHitConverter/src/StripCPEfromTrackAngle.cc	1	StripCPEfromTrackAngle  28	1	
/RecoLocalTracker/SiStripRecHitConverter/src/StripCPEfromTrackAngle.cc	1	StripCPEfromTrackAngle  29	1	
/RecoLocalTracker/SubCollectionProducers/src/HITrackClusterRemover.cc	1	HITrackClusterRemover  163	1	
/RecoLocalTracker/SubCollectionProducers/src/HITrackClusterRemover.cc	1	HITrackClusterRemover  215	1	
/RecoLocalTracker/SubCollectionProducers/src/HITrackClusterRemover.cc	1	readPSet  125	1	
/RecoLuminosity/LumiProducer/plugins/BunchSpacingProducer.cc	1	BunchSpacingProducer  43	1	
/RecoMET/METAlgorithms/src/HcalNoiseAlgo.cc	1	HcalNoiseAlgo  134	1	
/RecoMET/METAlgorithms/src/HcalNoiseAlgo.cc	1	HcalNoiseAlgo  138	1	
/RecoMET/METAlgorithms/src/HcalNoiseAlgo.cc	1	HcalNoiseAlgo  142	1	
/RecoMET/METAlgorithms/src/HcalNoiseAlgo.cc	1	HcalNoiseAlgo  158	1	
/RecoMET/METAlgorithms/src/HcalNoiseAlgo.cc	1	HcalNoiseAlgo  176	1	
/RecoMET/METPUSubtraction/plugins/JVFJetIdProducer.cc	1	JVFJetIdProducer  42	1	
/RecoMET/METPUSubtraction/plugins/NoPileUpPFMEtDataProducer.cc	1	NoPileUpPFMEtDataProducer  53	1	
/RecoMET/METPUSubtraction/plugins/NoPileUpPFMEtProducer.cc	1	NoPileUpPFMEtProducer  49	1	
/RecoMET/METPUSubtraction/plugins/NoPileUpPFMEtProducer.cc	1	NoPileUpPFMEtProducer  51	1	
/RecoMET/METPUSubtraction/plugins/PFMETProducerMVA.cc	1	PFMETProducerMVA  29	1	
/RecoMET/METPUSubtraction/src/MvaMEtUtilities.cc	1	MvaMEtUtilities  79	1	
/RecoMET/METPUSubtraction/src/PFMEtSignInterfaceBase.cc	1	PFMEtSignInterfaceBase  19	1	
/RecoMET/METPUSubtraction/src/PFMEtSignInterfaceBase.cc	1	PFMEtSignInterfaceBase  33	1	
/RecoMET/METProducers/src/CaloMETProducer.cc	1	CaloMETProducer  40	1	
/RecoMET/METProducers/src/ElseMETProducer.cc	1	ElseMETProducer  36	1	
/RecoMET/METProducers/src/GenMETProducer.cc	1	GenMETProducer  35	1	
/RecoMET/METProducers/src/PFMETProducer.cc	1	PFMETProducer  48	1	
/RecoMuon/GlobalTrackingTools/src/GlobalMuonRefitter.cc	1	GlobalMuonRefitter  130	1	
/RecoMuon/L2MuonProducer/plugins/L2MuonProducer.cc	1	L2MuonProducer  94	1	
/RecoMuon/L3MuonProducer/src/L3MuonCandidateProducer.cc	1	L3MuonCandidateProducer  60	1	
/RecoMuon/MuonIdentification/plugins/cuts/MuonTrackCut.cc	1	MuonTrackCut  35	1	
/RecoMuon/MuonIdentification/plugins/cuts/MuonTrackCut.cc	1	MuonTrackCut  39	1	
/RecoMuon/MuonIdentification/plugins/cuts/MuonTrackCut.cc	1	MuonTrackCut  41	1	
/RecoMuon/MuonIdentification/plugins/cuts/MuonTrackCut.cc	1	MuonTrackCut  45	1	
/RecoMuon/MuonIdentification/plugins/cuts/MuonTrackCut.cc	1	MuonTrackCut  55	1	
/RecoMuon/MuonSeedGenerator/plugins/CosmicMuonSeedGenerator.cc	1	CosmicMuonSeedGenerator  57	1	
/RecoMuon/TrackingTools/src/MuonSegmentMatcher.cc	1	MuonSegmentMatcher  48	1	
/RecoMuon/TrackingTools/src/MuonServiceProxy.cc	1	MuonServiceProxy  40	1	
/RecoMuon/TrackingTools/src/MuonServiceProxy.cc	1	MuonServiceProxy  45	1	
/RecoParticleFlow/PFClusterProducer/interface/HGCRecHitNavigator.h	1	HGCRecHitNavigator  46	1	
/RecoParticleFlow/PFClusterProducer/interface/HGCRecHitNavigator.h	1	HGCRecHitNavigator  51	1	
/RecoParticleFlow/PFClusterProducer/interface/HGCRecHitNavigator.h	1	HGCRecHitNavigator  56	1	
/RecoParticleFlow/PFClusterProducer/interface/PFClusterBuilderBase.h	8	PFClusterBuilderBase  29	1	
/RecoParticleFlow/PFClusterProducer/plugins/Basic2DGenericPFlowClusterizer.cc	1	Basic2DGenericPFlowClusterizer  121	1
/RecoParticleFlow/PFClusterProducer/plugins/Basic2DGenericPFlowPositionCalc.cc	1	Basic2DGenericPFlowPositionCalc  30	1
/RecoParticleFlow/PFClusterProducer/plugins/Basic2DGenericPFlowPositionCalc.cc	1	Basic2DGenericPFlowPositionCalc  71	1
/RecoParticleFlow/PFClusterProducer/plugins/Basic2DGenericPFlowPositionCalc.cc	1 Basic2DGenericPFlowPositionCalc  35	1
/RecoParticleFlow/PFClusterProducer/plugins/PFClusterProducer.cc	1	PFClusterProducer  67	1	
/RecoParticleFlow/PFClusterProducer/plugins/PFlow2DClusterizerWithTime.cc	1	PFlow2DClusterizerWithTime  126	1	
/RecoParticleFlow/PFClusterProducer/plugins/PFlow2DClusterizerWithTime.cc	1	PFlow2DClusterizerWithTime  132	1	
/RecoParticleFlow/PFClusterProducer/plugins/PFlow2DClusterizerWithTime.cc	1	PFlow2DClusterizerWithTime  141	1	
/RecoParticleFlow/PFProducer/interface/PFCandConnector.h	3	setParameters  40	1	
/RecoParticleFlow/PFProducer/interface/PFCandConnector.h	3	setParameters  48	1	
/RecoParticleFlow/PFProducer/interface/PFCandConnector.h	3	setParameters  56	1	
/RecoParticleFlow/PFProducer/interface/PFCandConnector.h	3	setParameters  64	1	
/RecoParticleFlow/PFProducer/plugins/PFElectronTranslator.cc	1	PFElectronTranslator  150	1	
/RecoParticleFlow/PFProducer/plugins/PFPhotonTranslator.cc	1	PFPhotonTranslator  181	1	
/RecoPixelVertexing/PixelLowPtUtilities/src/StripSubClusterShapeTrajectoryFilter.cc	1	StripSubClusterShapeFilterBase  168	1	
/RecoPixelVertexing/PixelVertexFinding/plugins/PixelVertexProducer.cc	1	PixelVertexProducer  88	1	
/RecoTauTag/HLTProducers/src/TauRegionalPixelSeedGenerator.h	1	TauRegionalPixelSeedGenerator  52	1	
/RecoTauTag/HLTProducers/src/TauRegionalPixelSeedGenerator.h	1	TauRegionalPixelSeedGenerator  62	1	
/RecoTauTag/HLTProducers/src/TrackingRegionsFromBeamSpotAndL2Tau.h	1	TrackingRegionsFromBeamSpotAndL2Tau  44	1	
/RecoTauTag/ImpactParameter/plugins/PFTau3ProngReco.cc	1	PFTau3ProngReco  111	1	
/RecoTauTag/ImpactParameter/plugins/PFTau3ProngReco.cc	1	PFTau3ProngReco  118	1	
/RecoTauTag/RecoTau/plugins/PFTauSelectorDefinition.h	1	PFTauSelectorDefinition  72	1	
/RecoTauTag/RecoTau/plugins/PFTauSelectorDefinition.h	1	select  101	1	  
/RecoTauTag/RecoTau/plugins/PFTauSelectorDefinition.h	1	select  129	1	
/RecoTauTag/RecoTau/plugins/PFTauSelectorDefinition.h	1	select  136	1	
/RecoTauTag/RecoTau/plugins/PFTauSelectorDefinition.h	1	select  164	1	
/RecoTauTag/RecoTau/plugins/TauDiscriminantCutMultiplexer.cc	1	TauDiscriminantCutMultiplexerT  184	1	
/RecoTauTag/RecoTau/plugins/TauDiscriminantCutMultiplexer.cc	1	TauDiscriminantCutMultiplexerT  192	1	
/RecoTauTag/RecoTau/plugins/TauDiscriminantCutMultiplexer.cc	2	TauDiscriminantCutMultiplexerT  182	1	  
/RecoTauTag/RecoTau/plugins/TauDiscriminantCutMultiplexer.cc	2	TauDiscriminantCutMultiplexerT  184	1	
/RecoTauTag/RecoTau/plugins/TauDiscriminantCutMultiplexer.cc	2	TauDiscriminantCutMultiplexerT  186	1	
/RecoTauTag/RecoTau/plugins/TauDiscriminantCutMultiplexer.cc	2	TauDiscriminantCutMultiplexerT  192	1	
/RecoTauTag/RecoTau/plugins/TauDiscriminantCutMultiplexer.cc	2	TauDiscriminantCutMultiplexerT  194	1	
/RecoTauTag/RecoTau/plugins/TauDiscriminantCutMultiplexer.cc	2	TauDiscriminantCutMultiplexerT  196	1	
/RecoTauTag/RecoTau/src/AntiElectronIDMVA6.cc	2	AntiElectronIDMVA6  53	1	
/RecoTauTag/RecoTau/src/AntiElectronIDMVA6.cc	2	AntiElectronIDMVA6  55	1	
/RecoTauTag/RecoTau/src/RecoTauVertexAssociator.cc	1	RecoTauVertexAssociator  173	1	
/RecoTauTag/RecoTau/src/RecoTauVertexAssociator.cc	1	RecoTauVertexAssociator  215	1	
/RecoTauTag/RecoTau/src/RecoTauVertexAssociator.cc	1	RecoTauVertexAssociator  217	1	
/RecoTauTag/RecoTau/src/RecoTauVertexAssociator.cc	1	RecoTauVertexAssociator  233	1	
/RecoTauTag/RecoTau/src/RecoTauVertexAssociator.cc	2	RecoTauVertexAssociator  163	1	
/RecoTauTag/RecoTau/src/RecoTauVertexAssociator.cc	2	RecoTauVertexAssociator  183	1	
/RecoTracker/FinalTrackSelectors/plugins/AnalyticalTrackSelector.cc	1	AnalyticalTrackSelector  168	1	
/RecoTracker/FinalTrackSelectors/plugins/AnalyticalTrackSelector.cc	1	AnalyticalTrackSelector  193	1	
/RecoTracker/FinalTrackSelectors/plugins/AnalyticalTrackSelector.cc	1	AnalyticalTrackSelector  198	1	
/RecoTracker/FinalTrackSelectors/plugins/MultiTrackSelector.cc	1	MultiTrackSelector  168	1	
/RecoTracker/FinalTrackSelectors/plugins/MultiTrackSelector.cc	1	MultiTrackSelector  173	1	
/RecoTracker/SpecialSeedGenerators/src/SimpleCosmicBONSeeder.cc	1	SimpleCosmicBONSeeder  56	1	
/RecoTracker/SpecialSeedGenerators/src/SimpleCosmicBONSeeder.cc	1	SimpleCosmicBONSeeder  69	1	
/RecoTracker/TkSeedGenerator/plugins/MultiHitGeneratorFromChi2.cc	1	MultiHitGeneratorFromChi2  89	1	
/RecoTracker/TkSeedGenerator/src/ClusterChecker.cc	1	ClusterChecker  24	1	
/RecoTracker/TkSeedingLayers/src/SeedingLayerSetsBuilder.cc	1	LayerSpec  113	1	
/RecoTracker/TkSeedingLayers/src/SeedingLayerSetsBuilder.cc	1	LayerSpec  137	1	
/RecoTracker/TkSeedingLayers/src/SeedingLayerSetsBuilder.cc	1	LayerSpec  140	1	
/RecoTracker/TkSeedingLayers/src/SeedingLayerSetsBuilder.cc	1	LayerSpec  147	1	
/RecoTracker/TkSeedingLayers/src/SeedingLayerSetsBuilder.cc	1	layerConfig  270	1	
/RecoTracker/TkTrackingRegions/interface/GlobalTrackingRegionProducerFromBeamSpot.h	10	GlobalTrackingRegionProducerFromBeamSpot  26	1
/RecoTracker/TkTrackingRegions/interface/GlobalTrackingRegionProducerFromBeamSpot.h	5	GlobalTrackingRegionProducerFromBeamSpot  30	1
/RecoTracker/TkTrackingRegions/interface/GlobalTrackingRegionProducerFromBeamSpot.h	5	GlobalTrackingRegionProducerFromBeamSpot  32	1
/RecoTracker/TkTrackingRegions/interface/GlobalTrackingRegionProducerFromBeamSpot.h	5	GlobalTrackingRegionProducerFromBeamSpot  36	1
/RecoTracker/TkTrackingRegions/plugins/CandidatePointSeededTrackingRegionsProducer.h	1	CandidatePointSeededTrackingRegionsProducer 143  1
/RecoTracker/TkTrackingRegions/plugins/CandidateSeededTrackingRegionsProducer.h	1	CandidateSeededTrackingRegionsProducer  94	1	
/RecoTracker/TkTrackingRegions/plugins/PointSeededTrackingRegionsProducer.h	1	PointSeededTrackingRegionsProducer  102	1
/RecoTracker/TrackProducer/interface/TrackProducerAlgorithm.h	6	TrackProducerAlgorithm  61	1	
/RecoTracker/TrackProducer/interface/TrackProducerAlgorithm.h	6	TrackProducerAlgorithm  62	1	
/RecoTracker/TrackProducer/interface/TrackProducerAlgorithm.h	6	TrackProducerAlgorithm  64	1	
/RecoTracker/TrackProducer/interface/TrackProducerAlgorithm.h	8	TrackProducerAlgorithm  61	1	
/RecoTracker/TrackProducer/interface/TrackProducerAlgorithm.h	8	TrackProducerAlgorithm  62	1	
/RecoTracker/TrackProducer/interface/TrackProducerAlgorithm.h	8	TrackProducerAlgorithm  64	1
/RecoTracker/TrackProducer/interface/TrackProducerBase.icc	18	initTrackProducerBase  57	1	
/RecoTracker/TrackProducer/interface/TrackProducerBase.icc	18	initTrackProducerBase  80	1	
/RecoTracker/TrackProducer/plugins/TrackProducer.cc	1	TrackProducer  27	1	  
/RecoVertex/PrimaryVertexProducer/plugins/PrimaryVertexProducer.cc	1	PrimaryVertexProducer  67	1	
/RecoVertex/PrimaryVertexProducer/src/PrimaryVertexProducerAlgorithm.cc	1	PrimaryVertexProducerAlgorithm  57	1	
/Validation/RecoB/plugins/BTagPerformanceAnalyzerMC.cc	1	BTagPerformanceAnalyzerMC  85	1	
/Validation/RecoTau/plugins/DQMFileLoader.cc	1	cfgEntryFileSet  102	1	
/Validation/RecoTau/plugins/DQMFileLoader.cc	1	cfgEntryFileSet  99	1	
/Validation/RecoTau/plugins/DQMHistPlotter.cc	1	TauDQMHistPlotter  637	1	
/Validation/RecoTau/plugins/DQMHistPlotter.cc	1	TauDQMHistPlotter  678	1	
/Validation/RecoTau/plugins/DQMHistPlotter.cc	1	TauDQMHistPlotter  682	1	
/Validation/RecoTau/plugins/DQMHistPlotter.cc	1	TauDQMHistPlotter  765	1	
/Validation/RecoTau/plugins/DQMHistPlotter.cc	1	TauDQMHistPlotter  770	1	
/Validation/RecoTau/plugins/DQMHistPlotter.cc	1	TauDQMHistPlotter  839	1	
/Validation/RecoTau/plugins/DQMHistPlotter.cc	1	TauDQMHistPlotter  851	1	
/Validation/RecoTau/plugins/DQMHistPlotter.cc	1	TauDQMHistPlotter  854	1	
/Validation/RecoTau/plugins/DQMHistPlotter.cc	1	cfgEntryAxisX  194	1	
/Validation/RecoTau/plugins/DQMHistPlotter.cc	1	cfgEntryAxisX  195	1	
/Validation/RecoTau/plugins/DQMHistPlotter.cc	1	cfgEntryAxisX  199	1	
/Validation/RecoTau/plugins/DQMHistPlotter.cc	1	cfgEntryAxisY  233	1	
/Validation/RecoTau/plugins/DQMHistPlotter.cc	1	cfgEntryAxisY  235	1	
/Validation/RecoTau/plugins/DQMHistPlotter.cc	1	cfgEntryAxisY  236	1	
/Validation/RecoTau/plugins/DQMHistPlotter.cc	1	cfgEntryAxisY  241	1	
/Validation/RecoTau/plugins/DQMHistPlotter.cc	1	cfgEntryDrawOption  401	1	
/Validation/RecoTau/plugins/DQMHistPlotter.cc	1	cfgEntryDrawOption  402	1	
/Validation/RecoTau/plugins/DQMHistPlotter.cc	1	cfgEntryDrawOption  406	1	
/Validation/RecoTau/plugins/DQMHistPlotter.cc	1	cfgEntryDrawOption  407	1	
/Validation/RecoTau/plugins/DQMHistPlotter.cc	1	cfgEntryDrawOption  409	1	
/Validation/RecoTau/plugins/DQMHistPlotter.cc	1	cfgEntryDrawOption  410	1	
/Validation/RecoTau/plugins/DQMHistPlotter.cc	1	cfgEntryDrawOption  412	1	
/Validation/RecoTau/plugins/DQMHistPlotter.cc	1	cfgEntryDrawOption  414	1	
/Validation/RecoTau/plugins/DQMHistPlotter.cc	1	cfgEntryLabel  337	1	
/Validation/RecoTau/plugins/DQMHistPlotter.cc	1	cfgEntryLabel  338	1	
/Validation/RecoTau/plugins/DQMHistPlotter.cc	1	cfgEntryLabel  339	1	
/Validation/RecoTau/plugins/DQMHistPlotter.cc	1	cfgEntryLabel  340	1	
/Validation/RecoTau/plugins/DQMHistPlotter.cc	1	cfgEntryLabel  343	1	
/Validation/RecoTau/plugins/DQMHistPlotter.cc	1	cfgEntryLabel  346	1	
/Validation/RecoTau/plugins/DQMHistPlotter.cc	1	cfgEntryLabel  347	1	
/Validation/RecoTau/plugins/DQMHistPlotter.cc	1	cfgEntryLegend  291	1	
/Validation/RecoTau/plugins/DQMHistPlotter.cc	1	cfgEntryLegend  294	1	
/Validation/RecoTau/plugins/DQMHistPlotter.cc	1	cfgEntryLegend  295	1	
/Validation/RecoTau/plugins/DQMHistPlotter.cc	1	cfgEntryLegend  296	1	
/Validation/RecoTau/plugins/DQMHistPlotter.cc	1	cfgEntryLegend  297	1	
/Validation/RecoTau/plugins/DQMHistPlotter.cc	1	cfgEntryLegend  298	1	
/Validation/RecoTau/plugins/DQMHistPlotter.cc	1	cfgEntryProcess  169	1	  
/Validation/RecoTau/src/TauTagValidation.cc	1	TauTagValidation  63	1	
/Validation/RecoTau/src/TauTagValidation.cc	1	TauTagValidation  82	1	
/Validation/RecoTau/src/TauTagValidation.cc	1	TauTagValidation 61	1	  
/Validation/RecoTau/src/TauTagValidation.cc	1	bookHistograms  169	1	
/Validation/RecoTau/src/TauValidationMiniAOD.cc	1	bookHistograms  65	1	
/Validation/RecoTau/src/TauValidationMiniAOD.cc	1	bookHistograms  67	1	
/Validation/RecoTau/src/TauValidationMiniAOD.cc	1	bookHistograms  74	1	  
/Validation/RecoTau/src/TauValidationMiniAOD.cc	1	bookHistograms  81	1	
/Validation/RecoTau/src/TauValidationMiniAOD.cc	1	bookHistograms  89	1	
/Validation/RecoTrack/plugins/MultiTrackValidator.cc	1	MultiTrackValidator  153	1	
