************RecoLocalCalo****************
***********************************************************************
#TargetCC: /RecoLocalCalo/HcalRecProducers/src/HcalHitReconstructor.cc     #Function: HcalHitReconstructor
67:  if (conf.existsAs<bool>("setNegativeFlags"))
153:  if (conf.existsAs<std::string>("dataOOTCorrectionName"))
155:  if (conf.existsAs<std::string>("dataOOTCorrectionCategory"))
157:  if (conf.existsAs<std::string>("mcOOTCorrectionName"))
159:  if (conf.existsAs<std::string>("mcOOTCorrectionCategory"))
###pramCC: setNegativeFlags  lineCC: 39 lineFill: 0
###pramCC: dataOOTCorrectionName  lineCC: 46 lineFill: 0
###pramCC: dataOOTCorrectionCategory  lineCC: 47 lineFill: 0
###pramCC: mcOOTCorrectionName  lineCC: 48 lineFill: 0
###pramCC: mcOOTCorrectionCategory  lineCC: 49 lineFill: 0
### FinalCheck ccfillDesc 0 0  cfipython 0 0
***********************************************************************
#TargetCC: /RecoLocalCalo/HcalRecProducers/src/HcalHitReconstructor.cc     #Function: HcalHitReconstructor
67:  if (conf.existsAs<bool>("setNegativeFlags"))
153:  if (conf.existsAs<std::string>("dataOOTCorrectionName"))
155:  if (conf.existsAs<std::string>("dataOOTCorrectionCategory"))
157:  if (conf.existsAs<std::string>("mcOOTCorrectionName"))
159:  if (conf.existsAs<std::string>("mcOOTCorrectionCategory"))
###pramCC: setNegativeFlags  lineCC: 39 lineFill: 0
###pramCC: dataOOTCorrectionName  lineCC: 46 lineFill: 0
###pramCC: dataOOTCorrectionCategory  lineCC: 47 lineFill: 0
###pramCC: mcOOTCorrectionName  lineCC: 48 lineFill: 0
###pramCC: mcOOTCorrectionCategory  lineCC: 49 lineFill: 0
### FinalCheck ccfillDesc 0 0  cfipython 0 0
***********************************************************************
#TargetCC: /RecoLocalCalo/HcalRecProducers/src/HcalHitReconstructor.cc     #Function: HcalHitReconstructor
67:  if (conf.existsAs<bool>("setNegativeFlags"))
153:  if (conf.existsAs<std::string>("dataOOTCorrectionName"))
155:  if (conf.existsAs<std::string>("dataOOTCorrectionCategory"))
157:  if (conf.existsAs<std::string>("mcOOTCorrectionName"))
159:  if (conf.existsAs<std::string>("mcOOTCorrectionCategory"))
###pramCC: setNegativeFlags  lineCC: 39 lineFill: 0
###pramCC: dataOOTCorrectionName  lineCC: 46 lineFill: 0
###pramCC: dataOOTCorrectionCategory  lineCC: 47 lineFill: 0
###pramCC: mcOOTCorrectionName  lineCC: 48 lineFill: 0
###pramCC: mcOOTCorrectionCategory  lineCC: 49 lineFill: 0
### FinalCheck ccfillDesc 0 0  cfipython 0 0
***********************************************************************
#TargetCC: /RecoLocalCalo/HcalRecProducers/src/HcalHitReconstructor.cc     #Function: HcalHitReconstructor
67:  if (conf.existsAs<bool>("setNegativeFlags"))
153:  if (conf.existsAs<std::string>("dataOOTCorrectionName"))
155:  if (conf.existsAs<std::string>("dataOOTCorrectionCategory"))
157:  if (conf.existsAs<std::string>("mcOOTCorrectionName"))
159:  if (conf.existsAs<std::string>("mcOOTCorrectionCategory"))
###pramCC: setNegativeFlags  lineCC: 39 lineFill: 0
###pramCC: dataOOTCorrectionName  lineCC: 46 lineFill: 0
###pramCC: dataOOTCorrectionCategory  lineCC: 47 lineFill: 0
###pramCC: mcOOTCorrectionName  lineCC: 48 lineFill: 0
###pramCC: mcOOTCorrectionCategory  lineCC: 49 lineFill: 0
### FinalCheck ccfillDesc 0 0  cfipython 0 0
